<?xml version="1.0" encoding="UTF-8" ?>
<testsuite failures="0" time="10.01" errors="0" skipped="0" tests="1" name="com.odesk.sms.consumer.QueueManagerTest">
  <properties>
    <property name="log4j.filename" value="c:/smslauncher//log/sms_sender.log"/>
    <property name="java.runtime.name" value="Java(TM) SE Runtime Environment"/>
    <property name="sun.boot.library.path" value="C:\Program Files\Java\jdk1.6.0_18\jre\bin"/>
    <property name="java.vm.version" value="16.0-b13"/>
    <property name="java.vm.vendor" value="Sun Microsystems Inc."/>
    <property name="java.vendor.url" value="http://java.sun.com/"/>
    <property name="path.separator" value=";"/>
    <property name="java.vm.name" value="Java HotSpot(TM) Client VM"/>
    <property name="file.encoding.pkg" value="sun.io"/>
    <property name="user.country" value="GB"/>
    <property name="sun.java.launcher" value="SUN_STANDARD"/>
    <property name="sun.os.patch.level" value="Service Pack 2"/>
    <property name="java.vm.specification.name" value="Java Virtual Machine Specification"/>
    <property name="user.dir" value="C:\Users\jayant.Sony-PC\workspace\SMSSender"/>
    <property name="java.runtime.version" value="1.6.0_18-b07"/>
    <property name="java.awt.graphicsenv" value="sun.awt.Win32GraphicsEnvironment"/>
    <property name="basedir" value="C:\Users\jayant.Sony-PC\workspace\SMSSender"/>
    <property name="java.endorsed.dirs" value="C:\Program Files\Java\jdk1.6.0_18\jre\lib\endorsed"/>
    <property name="os.arch" value="x86"/>
    <property name="surefire.real.class.path" value="C:\Users\JAYANT~1.SON\AppData\Local\Temp\surefirebooter2281895155516890467.jar"/>
    <property name="java.io.tmpdir" value="C:\Users\JAYANT~1.SON\AppData\Local\Temp\"/>
    <property name="line.separator" value="
"/>
    <property name="java.vm.specification.vendor" value="Sun Microsystems Inc."/>
    <property name="user.variant" value=""/>
    <property name="os.name" value="Windows Vista"/>
    <property name="sun.jnu.encoding" value="Cp1252"/>
    <property name="java.library.path" value="C:\Program Files\Java\jdk1.6.0_18\jre\bin;.;C:\Windows\Sun\Java\bin;C:\Windows\system32;C:\Windows;C:\Windows\system32;C:\Windows;C:\Windows\System32\Wbem;c:\Program Files\ATI Technologies\ATI.ACE\Core-Static;c:\Program Files\Common Files\Roxio Shared\DLLShared\;c:\Program Files\Common Files\Roxio Shared\9.0\DLLShared\;C:\Users\jayant.Sony-PC\software\apache-maven-2.2.1-bin\apache-maven-2.2.1\bin;C:\Program Files\Java\jdk1.6.0_18\bin;C:\Program Files\QuickTime\QTSystem\;C:\Windows\System32\WindowsPowerShell\v1.0\"/>
    <property name="surefire.test.class.path" value="C:\Users\jayant.Sony-PC\workspace\SMSSender\target\test-classes;C:\Users\jayant.Sony-PC\workspace\SMSSender\target\classes;C:\Users\jayant.Sony-PC\.m2\repository\org\springframework\spring-core\3.0.5.RELEASE\spring-core-3.0.5.RELEASE.jar;C:\Users\jayant.Sony-PC\.m2\repository\org\springframework\spring-asm\3.0.5.RELEASE\spring-asm-3.0.5.RELEASE.jar;C:\Users\jayant.Sony-PC\.m2\repository\commons-logging\commons-logging\1.1.1\commons-logging-1.1.1.jar;C:\Users\jayant.Sony-PC\.m2\repository\org\springframework\spring-jdbc\3.0.5.RELEASE\spring-jdbc-3.0.5.RELEASE.jar;C:\Users\jayant.Sony-PC\.m2\repository\org\springframework\spring-beans\3.0.5.RELEASE\spring-beans-3.0.5.RELEASE.jar;C:\Users\jayant.Sony-PC\.m2\repository\org\springframework\spring-tx\3.0.5.RELEASE\spring-tx-3.0.5.RELEASE.jar;C:\Users\jayant.Sony-PC\.m2\repository\aopalliance\aopalliance\1.0\aopalliance-1.0.jar;C:\Users\jayant.Sony-PC\.m2\repository\org\springframework\spring-aop\3.0.5.RELEASE\spring-aop-3.0.5.RELEASE.jar;C:\Users\jayant.Sony-PC\.m2\repository\org\springframework\spring-context\3.0.5.RELEASE\spring-context-3.0.5.RELEASE.jar;C:\Users\jayant.Sony-PC\.m2\repository\org\springframework\spring-expression\3.0.5.RELEASE\spring-expression-3.0.5.RELEASE.jar;C:\Users\jayant.Sony-PC\.m2\repository\org\springframework\spring-test\3.0.5.RELEASE\spring-test-3.0.5.RELEASE.jar;C:\Users\jayant.Sony-PC\.m2\repository\mysql\mysql-connector-java\5.1.19\mysql-connector-java-5.1.19.jar;C:\Users\jayant.Sony-PC\.m2\repository\commons-dbcp\commons-dbcp\1.2.2\commons-dbcp-1.2.2.jar;C:\Users\jayant.Sony-PC\.m2\repository\commons-pool\commons-pool\1.3\commons-pool-1.3.jar;C:\Users\jayant.Sony-PC\.m2\repository\log4j\log4j\1.2.16\log4j-1.2.16.jar;C:\Users\jayant.Sony-PC\.m2\repository\junit\junit\4.8\junit-4.8.jar;C:\Users\jayant.Sony-PC\.m2\repository\org\apache\httpcomponents\httpclient\4.2-beta1\httpclient-4.2-beta1.jar;C:\Users\jayant.Sony-PC\.m2\repository\org\apache\httpcomponents\httpcore\4.2-beta1\httpcore-4.2-beta1.jar;C:\Users\jayant.Sony-PC\.m2\repository\commons-codec\commons-codec\1.4\commons-codec-1.4.jar;"/>
    <property name="java.specification.name" value="Java Platform API Specification"/>
    <property name="java.class.version" value="50.0"/>
    <property name="sun.management.compiler" value="HotSpot Client Compiler"/>
    <property name="os.version" value="6.0"/>
    <property name="user.home" value="C:\Users\jayant.Sony-PC"/>
    <property name="user.timezone" value="Europe/London"/>
    <property name="java.awt.printerjob" value="sun.awt.windows.WPrinterJob"/>
    <property name="java.specification.version" value="1.6"/>
    <property name="file.encoding" value="Cp1252"/>
    <property name="user.name" value="jayant"/>
    <property name="java.class.path" value="C:\Users\jayant.Sony-PC\workspace\SMSSender\target\test-classes;C:\Users\jayant.Sony-PC\workspace\SMSSender\target\classes;C:\Users\jayant.Sony-PC\.m2\repository\org\springframework\spring-core\3.0.5.RELEASE\spring-core-3.0.5.RELEASE.jar;C:\Users\jayant.Sony-PC\.m2\repository\org\springframework\spring-asm\3.0.5.RELEASE\spring-asm-3.0.5.RELEASE.jar;C:\Users\jayant.Sony-PC\.m2\repository\commons-logging\commons-logging\1.1.1\commons-logging-1.1.1.jar;C:\Users\jayant.Sony-PC\.m2\repository\org\springframework\spring-jdbc\3.0.5.RELEASE\spring-jdbc-3.0.5.RELEASE.jar;C:\Users\jayant.Sony-PC\.m2\repository\org\springframework\spring-beans\3.0.5.RELEASE\spring-beans-3.0.5.RELEASE.jar;C:\Users\jayant.Sony-PC\.m2\repository\org\springframework\spring-tx\3.0.5.RELEASE\spring-tx-3.0.5.RELEASE.jar;C:\Users\jayant.Sony-PC\.m2\repository\aopalliance\aopalliance\1.0\aopalliance-1.0.jar;C:\Users\jayant.Sony-PC\.m2\repository\org\springframework\spring-aop\3.0.5.RELEASE\spring-aop-3.0.5.RELEASE.jar;C:\Users\jayant.Sony-PC\.m2\repository\org\springframework\spring-context\3.0.5.RELEASE\spring-context-3.0.5.RELEASE.jar;C:\Users\jayant.Sony-PC\.m2\repository\org\springframework\spring-expression\3.0.5.RELEASE\spring-expression-3.0.5.RELEASE.jar;C:\Users\jayant.Sony-PC\.m2\repository\org\springframework\spring-test\3.0.5.RELEASE\spring-test-3.0.5.RELEASE.jar;C:\Users\jayant.Sony-PC\.m2\repository\mysql\mysql-connector-java\5.1.19\mysql-connector-java-5.1.19.jar;C:\Users\jayant.Sony-PC\.m2\repository\commons-dbcp\commons-dbcp\1.2.2\commons-dbcp-1.2.2.jar;C:\Users\jayant.Sony-PC\.m2\repository\commons-pool\commons-pool\1.3\commons-pool-1.3.jar;C:\Users\jayant.Sony-PC\.m2\repository\log4j\log4j\1.2.16\log4j-1.2.16.jar;C:\Users\jayant.Sony-PC\.m2\repository\junit\junit\4.8\junit-4.8.jar;C:\Users\jayant.Sony-PC\.m2\repository\org\apache\httpcomponents\httpclient\4.2-beta1\httpclient-4.2-beta1.jar;C:\Users\jayant.Sony-PC\.m2\repository\org\apache\httpcomponents\httpcore\4.2-beta1\httpcore-4.2-beta1.jar;C:\Users\jayant.Sony-PC\.m2\repository\commons-codec\commons-codec\1.4\commons-codec-1.4.jar;"/>
    <property name="java.vm.specification.version" value="1.0"/>
    <property name="sun.arch.data.model" value="32"/>
    <property name="java.home" value="C:\Program Files\Java\jdk1.6.0_18\jre"/>
    <property name="java.specification.vendor" value="Sun Microsystems Inc."/>
    <property name="user.language" value="en"/>
    <property name="awt.toolkit" value="sun.awt.windows.WToolkit"/>
    <property name="java.vm.info" value="mixed mode, sharing"/>
    <property name="java.version" value="1.6.0_18"/>
    <property name="java.ext.dirs" value="C:\Program Files\Java\jdk1.6.0_18\jre\lib\ext;C:\Windows\Sun\Java\lib\ext"/>
    <property name="sun.boot.class.path" value="C:\Program Files\Java\jdk1.6.0_18\jre\lib\resources.jar;C:\Program Files\Java\jdk1.6.0_18\jre\lib\rt.jar;C:\Program Files\Java\jdk1.6.0_18\jre\lib\sunrsasign.jar;C:\Program Files\Java\jdk1.6.0_18\jre\lib\jsse.jar;C:\Program Files\Java\jdk1.6.0_18\jre\lib\jce.jar;C:\Program Files\Java\jdk1.6.0_18\jre\lib\charsets.jar;C:\Program Files\Java\jdk1.6.0_18\jre\classes"/>
    <property name="java.vendor" value="Sun Microsystems Inc."/>
    <property name="localRepository" value="C:\Users\jayant.Sony-PC\.m2\repository"/>
    <property name="file.separator" value="\"/>
    <property name="java.vendor.url.bug" value="http://java.sun.com/cgi-bin/bugreport.cgi"/>
    <property name="log4j.threshold.level" value="INFO"/>
    <property name="sun.cpu.endian" value="little"/>
    <property name="sun.io.unicode.encoding" value="UnicodeLittle"/>
    <property name="sun.desktop" value="windows"/>
    <property name="sun.cpu.isalist" value="pentium_pro+mmx pentium_pro pentium+mmx pentium i486 i386 i86"/>
  </properties>
  <testcase time="10.004" classname="com.odesk.sms.consumer.QueueManagerTest" name="checkQueueManager"/>
</testsuite>